<?xml version="1.0" encoding="UTF-8"?>
<testng-results skipped="0" failed="0" ignored="0" total="1" passed="1">
  <reporter-output>
  </reporter-output>
  <suite name="Default suite" duration-ms="24286" started-at="2021-09-02T11:47:39 MST" finished-at="2021-09-02T11:48:04 MST">
    <groups>
    </groups>
    <test name="Default test" duration-ms="24286" started-at="2021-09-02T11:47:39 MST" finished-at="2021-09-02T11:48:04 MST">
      <class name="testcases.LoginTest">
        <test-method status="PASS" signature="init(org.testng.ITestResult)[pri:0, instance:testcases.LoginTest@5faeada1]" name="init" is-config="true" duration-ms="454" started-at="2021-09-02T11:47:39 MST" finished-at="2021-09-02T11:47:40 MST">
          <params>
            <param index="0">
              <value>
                <![CDATA[[TestResult name={null} status=CREATED method=LoginTest.loginTest(java.lang.String, java.lang.String, java.lang.String, java.lang.String)[pri:0, instance:testcases.LoginTest@5faeada1] output={null}]]]>
              </value>
            </param>
          </params>
          <reporter-output>
          </reporter-output>
        </test-method> <!-- init -->
        <test-method status="PASS" signature="loginTest(java.lang.String, java.lang.String, java.lang.String, java.lang.String)[pri:0, instance:testcases.LoginTest@5faeada1]" name="loginTest" duration-ms="21986" started-at="2021-09-02T11:47:40 MST" data-provider="getData" finished-at="2021-09-02T11:48:02 MST">
          <params>
            <param index="0">
              <value>
                <![CDATA[mozilla]]>
              </value>
            </param>
            <param index="1">
              <value>
                <![CDATA[mamtabansal2k2@gmail.com]]>
              </value>
            </param>
            <param index="2">
              <value>
                <![CDATA[seltst123]]>
              </value>
            </param>
            <param index="3">
              <value>
                <![CDATA[English Grammar for begineers]]>
              </value>
            </param>
          </params>
          <reporter-output>
          </reporter-output>
        </test-method> <!-- loginTest -->
        <test-method status="PASS" signature="after()[pri:0, instance:testcases.LoginTest@5faeada1]" name="after" is-config="true" duration-ms="1639" started-at="2021-09-02T11:48:02 MST" finished-at="2021-09-02T11:48:04 MST">
          <reporter-output>
          </reporter-output>
        </test-method> <!-- after -->
      </class> <!-- testcases.LoginTest -->
    </test> <!-- Default test -->
  </suite> <!-- Default suite -->
</testng-results>
