<?xml version="1.0" encoding="UTF-8"?>
<!-- Generated by org.testng.reporters.JUnitXMLReporter -->
<testsuite hostname="DESKTOP-B0PUHGH" ignored="1" name="Checkout Book Test " tests="1" failures="1" timestamp="2021-08-01T11:21:11 MST" time="25.05" errors="0">
  <testcase name="checkoutBook" time="0.018" classname="testcases.CheckoutBookTest">
    <failure type="java.lang.NullPointerException">
      <![CDATA[java.lang.NullPointerException
at org.openqa.selenium.support.pagefactory.DefaultElementLocator.findElement(DefaultElementLocator.java:70)
at org.openqa.selenium.support.pagefactory.internal.LocatingElementHandler.invoke(LocatingElementHandler.java:39)
at com.sun.proxy.$Proxy12.sendKeys(Unknown Source)
at pages.SearchPage.searchBook(SearchPage.java:20)
at testcases.CheckoutBookTest.checkoutBook(CheckoutBookTest.java:13)
at java.util.ArrayList.forEach(Unknown Source)
... Removed 27 stack frames]]>
    </failure>
  </testcase> <!-- checkoutBook -->
  <testcase name="checkoutBook" time="0.0" classname="testcases.LoginTest">
    <ignored/>
  </testcase> <!-- checkoutBook -->
</testsuite> <!-- Checkout Book Test  -->
